Intermediate/Android/armv7/gradle/app/build/intermediates/manifest_merge_blame_file/debug/manifest-merger-blame-debug-report.txt
1<?xml version="1.0" encoding="utf-8"?>
2<manifest xmlns:android="http://schemas.android.com/apk/res/android"
3    package="com.YourCompany.VRLego"
4    android:installLocation="internalOnly"
5    android:versionCode="1"
6    android:versionName="1.0" >
7
8    <uses-sdk
9        android:minSdkVersion="28"
9-->src\main\AndroidManifest.xml
10        android:targetSdkVersion="28" />
10-->src\main\AndroidManifest.xml
11    <!-- Requirements -->
12    <uses-feature
12-->src\main\AndroidManifest.xml:48:3-76
13        android:glEsVersion="0x00030001"
13-->src\main\AndroidManifest.xml:48:17-49
14        android:required="true" />
14-->src\main\AndroidManifest.xml:48:50-73
15
16    <uses-permission android:name="android.permission.INTERNET" />
16-->src\main\AndroidManifest.xml:49:3-65
16-->src\main\AndroidManifest.xml:49:20-62
17    <uses-permission android:name="android.permission.WRITE_EXTERNAL_STORAGE" />
17-->src\main\AndroidManifest.xml:50:3-79
17-->src\main\AndroidManifest.xml:50:20-76
18    <uses-permission android:name="android.permission.ACCESS_NETWORK_STATE" />
18-->src\main\AndroidManifest.xml:51:3-77
18-->src\main\AndroidManifest.xml:51:20-74
19    <uses-permission android:name="android.permission.WAKE_LOCK" />
19-->src\main\AndroidManifest.xml:52:3-66
19-->src\main\AndroidManifest.xml:52:20-63
20    <uses-permission android:name="com.android.vending.CHECK_LICENSE" />
20-->src\main\AndroidManifest.xml:53:3-71
20-->src\main\AndroidManifest.xml:53:20-68
21    <uses-permission android:name="android.permission.ACCESS_WIFI_STATE" />
21-->src\main\AndroidManifest.xml:54:3-74
21-->src\main\AndroidManifest.xml:54:20-71
22    <uses-permission android:name="com.android.vending.BILLING" />
22-->src\main\AndroidManifest.xml:55:3-65
22-->src\main\AndroidManifest.xml:55:20-62
23    <!-- Supported texture compression formats (cooked) -->
24    <supports-gl-texture android:name="GL_KHR_texture_compression_astc_ldr" />
24-->src\main\AndroidManifest.xml:57:3-77
24-->src\main\AndroidManifest.xml:57:24-74
25
26    <uses-feature
26-->src\main\AndroidManifest.xml:58:3-111
27        android:name="android.hardware.vr.headtracking"
27-->src\main\AndroidManifest.xml:58:17-64
28        android:required="true"
28-->src\main\AndroidManifest.xml:58:85-108
29        android:version="1" />
29-->src\main\AndroidManifest.xml:58:65-84
30
31    <uses-permission android:name="android.permission.READ_EXTERNAL_STORAGE" />
31-->src\main\AndroidManifest.xml:59:3-78
31-->src\main\AndroidManifest.xml:59:20-75
32
33    <uses-feature android:name="android.hardware.usb.host" />
33-->src\main\AndroidManifest.xml:60:3-60
33-->src\main\AndroidManifest.xml:60:17-57
34    <!-- Application Definition -->
35    <application
35-->src\main\AndroidManifest.xml:3:3-46:17
36        android:name="com.epicgames.ue4.GameApplication"
36-->src\main\AndroidManifest.xml:3:147-195
37        android:debuggable="true"
38        android:extractNativeLibs="true"
38-->src\main\AndroidManifest.xml:3:114-146
39        android:hardwareAccelerated="true"
39-->src\main\AndroidManifest.xml:3:79-113
40        android:hasCode="true"
40-->src\main\AndroidManifest.xml:3:240-262
41        android:icon="@drawable/icon"
41-->src\main\AndroidManifest.xml:3:49-78
42        android:label="@string/app_name"
42-->src\main\AndroidManifest.xml:3:16-48
43        android:requestLegacyExternalStorage="true" >
43-->src\main\AndroidManifest.xml:3:196-239
44        <activity
44-->src\main\AndroidManifest.xml:4:5-12:16
45            android:name="com.epicgames.ue4.GameActivity"
45-->src\main\AndroidManifest.xml:4:15-60
46            android:configChanges="mcc|mnc|uiMode|density|screenSize|smallestScreenSize|screenLayout|orientation|keyboardHidden|keyboard"
46-->src\main\AndroidManifest.xml:4:159-284
47            android:debuggable="true"
47-->src\main\AndroidManifest.xml:4:396-421
48            android:label="@string/app_name"
48-->src\main\AndroidManifest.xml:4:61-93
49            android:launchMode="singleTask"
49-->src\main\AndroidManifest.xml:4:320-351
50            android:resizeableActivity="false"
50-->src\main\AndroidManifest.xml:4:285-319
51            android:screenOrientation="sensorLandscape"
51-->src\main\AndroidManifest.xml:4:352-395
52            android:theme="@android:style/Theme.Black.NoTitleBar.Fullscreen" >
52-->src\main\AndroidManifest.xml:4:94-158
53            <meta-data
53-->src\main\AndroidManifest.xml:5:7-76
54                android:name="android.app.lib_name"
54-->src\main\AndroidManifest.xml:5:18-53
55                android:value="UE4" />
55-->src\main\AndroidManifest.xml:5:54-73
56
57            <intent-filter>
57-->src\main\AndroidManifest.xml:6:7-10:23
58                <action android:name="android.intent.action.MAIN" />
58-->src\main\AndroidManifest.xml:7:9-61
58-->src\main\AndroidManifest.xml:7:17-58
59
60                <category android:name="android.intent.category.LAUNCHER" />
60-->src\main\AndroidManifest.xml:8:9-69
60-->src\main\AndroidManifest.xml:8:19-66
61                <category android:name="com.oculus.intent.category.VR" />
61-->src\main\AndroidManifest.xml:9:9-66
61-->src\main\AndroidManifest.xml:9:19-63
62            </intent-filter>
63
64            <meta-data
64-->src\main\AndroidManifest.xml:11:7-81
65                android:name="com.oculus.vr.focusaware"
65-->src\main\AndroidManifest.xml:11:18-57
66                android:value="true" />
66-->src\main\AndroidManifest.xml:11:58-78
67        </activity>
68        <activity android:name="com.YourCompany.VRLego.DownloaderActivity" />
68-->src\main\AndroidManifest.xml:13:5-52
68-->src\main\AndroidManifest.xml:13:15-49
69
70        <meta-data
70-->src\main\AndroidManifest.xml:14:5-101
71            android:name="com.epicgames.ue4.GameActivity.EngineVersion"
71-->src\main\AndroidManifest.xml:14:16-75
72            android:value="4.26.1" />
72-->src\main\AndroidManifest.xml:14:76-98
73        <meta-data
73-->src\main\AndroidManifest.xml:15:5-112
74            android:name="com.epicgames.ue4.GameActivity.EngineBranch"
74-->src\main\AndroidManifest.xml:15:16-74
75            android:value="++UE4+Release-4.26" />
75-->src\main\AndroidManifest.xml:15:75-109
76        <meta-data
76-->src\main\AndroidManifest.xml:16:5-103
77            android:name="com.epicgames.ue4.GameActivity.ProjectVersion"
77-->src\main\AndroidManifest.xml:16:16-76
78            android:value="1.0.0.0" />
78-->src\main\AndroidManifest.xml:16:77-100
79        <meta-data
79-->src\main\AndroidManifest.xml:17:5-104
80            android:name="com.epicgames.ue4.GameActivity.DepthBufferPreference"
80-->src\main\AndroidManifest.xml:17:16-83
81            android:value="0" />
81-->src\main\AndroidManifest.xml:17:84-101
82        <meta-data
82-->src\main\AndroidManifest.xml:18:5-108
83            android:name="com.epicgames.ue4.GameActivity.bPackageDataInsideApk"
83-->src\main\AndroidManifest.xml:18:16-83
84            android:value="false" />
84-->src\main\AndroidManifest.xml:18:84-105
85        <meta-data
85-->src\main\AndroidManifest.xml:19:5-106
86            android:name="com.epicgames.ue4.GameActivity.bVerifyOBBOnStartUp"
86-->src\main\AndroidManifest.xml:19:16-81
87            android:value="false" />
87-->src\main\AndroidManifest.xml:19:82-103
88        <meta-data
88-->src\main\AndroidManifest.xml:20:5-99
89            android:name="com.epicgames.ue4.GameActivity.bShouldHideUI"
89-->src\main\AndroidManifest.xml:20:16-75
90            android:value="true" />
90-->src\main\AndroidManifest.xml:20:76-96
91        <meta-data
91-->src\main\AndroidManifest.xml:21:5-99
92            android:name="com.epicgames.ue4.GameActivity.ProjectName"
92-->src\main\AndroidManifest.xml:21:16-73
93            android:value="VRLego" />
93-->src\main\AndroidManifest.xml:21:74-96
94        <meta-data
94-->src\main\AndroidManifest.xml:22:5-89
95            android:name="com.epicgames.ue4.GameActivity.AppType"
95-->src\main\AndroidManifest.xml:22:16-69
96            android:value="" />
96-->src\main\AndroidManifest.xml:22:70-86
97        <meta-data
97-->src\main\AndroidManifest.xml:23:5-99
98            android:name="com.epicgames.ue4.GameActivity.bHasOBBFiles"
98-->src\main\AndroidManifest.xml:23:16-74
99            android:value="false" />
99-->src\main\AndroidManifest.xml:23:75-96
100        <meta-data
100-->src\main\AndroidManifest.xml:24:5-111
101            android:name="com.epicgames.ue4.GameActivity.BuildConfiguration"
101-->src\main\AndroidManifest.xml:24:16-80
102            android:value="Development" />
102-->src\main\AndroidManifest.xml:24:81-108
103        <meta-data
103-->src\main\AndroidManifest.xml:25:5-99
104            android:name="com.epicgames.ue4.GameActivity.CookedFlavors"
104-->src\main\AndroidManifest.xml:25:16-75
105            android:value="ASTC" />
105-->src\main\AndroidManifest.xml:25:76-96
106        <meta-data
106-->src\main\AndroidManifest.xml:26:5-109
107            android:name="com.epicgames.ue4.GameActivity.bValidateTextureFormats"
107-->src\main\AndroidManifest.xml:26:16-85
108            android:value="true" />
108-->src\main\AndroidManifest.xml:26:86-106
109        <meta-data
109-->src\main\AndroidManifest.xml:27:5-107
110            android:name="com.epicgames.ue4.GameActivity.bUseExternalFilesDir"
110-->src\main\AndroidManifest.xml:27:16-82
111            android:value="false" />
111-->src\main\AndroidManifest.xml:27:83-104
112        <meta-data
112-->src\main\AndroidManifest.xml:28:5-102
113            android:name="com.epicgames.ue4.GameActivity.bPublicLogFiles"
113-->src\main\AndroidManifest.xml:28:16-77
114            android:value="false" />
114-->src\main\AndroidManifest.xml:28:78-99
115        <meta-data
115-->src\main\AndroidManifest.xml:29:5-104
116            android:name="com.epicgames.ue4.GameActivity.bUseDisplayCutout"
116-->src\main\AndroidManifest.xml:29:16-79
117            android:value="false" />
117-->src\main\AndroidManifest.xml:29:80-101
118        <meta-data
118-->src\main\AndroidManifest.xml:30:5-95
119            android:name="com.epicgames.ue4.GameActivity.bAllowIMU"
119-->src\main\AndroidManifest.xml:30:16-71
120            android:value="true" />
120-->src\main\AndroidManifest.xml:30:72-92
121        <meta-data
121-->src\main\AndroidManifest.xml:31:5-102
122            android:name="com.epicgames.ue4.GameActivity.bSupportsVulkan"
122-->src\main\AndroidManifest.xml:31:16-77
123            android:value="false" />
123-->src\main\AndroidManifest.xml:31:78-99
124        <meta-data
124-->src\main\AndroidManifest.xml:32:5-141
125            android:name="com.epicgames.ue4.GameActivity.StartupPermissions"
125-->src\main\AndroidManifest.xml:32:16-80
126            android:value="android.permission.WRITE_EXTERNAL_STORAGE" />
126-->src\main\AndroidManifest.xml:32:81-138
127        <meta-data
127-->src\main\AndroidManifest.xml:33:5-100
128            android:name="com.google.android.gms.games.APP_ID"
128-->src\main\AndroidManifest.xml:33:16-66
129            android:value="@string/app_id" />
129-->src\main\AndroidManifest.xml:33:67-97
130        <meta-data
130-->src\main\AndroidManifest.xml:34:5-118
131            android:name="com.google.android.gms.version"
131-->src\main\AndroidManifest.xml:34:16-61
132            android:value="@integer/google_play_services_version" />
132-->src\main\AndroidManifest.xml:34:62-115
133
134        <activity
134-->src\main\AndroidManifest.xml:35:5-180
135            android:name="com.google.android.gms.ads.AdActivity"
135-->src\main\AndroidManifest.xml:35:15-67
136            android:configChanges="keyboard|keyboardHidden|orientation|screenLayout|uiMode|screenSize|smallestScreenSize"
136-->src\main\AndroidManifest.xml:35:68-177
137            android:exported="false"
137-->[com.google.android.gms:play-services-ads-lite:11.8.0] AndroidManifest.xml:32:13-37
138            android:theme="@android:style/Theme.Translucent" />
138-->[com.google.android.gms:play-services-ads-lite:11.8.0] AndroidManifest.xml:33:13-61
139
140        <service android:name="com.YourCompany.VRLego.OBBDownloaderService" />
140-->src\main\AndroidManifest.xml:36:5-52
140-->src\main\AndroidManifest.xml:36:14-49
141
142        <receiver android:name="com.YourCompany.VRLego.AlarmReceiver" />
142-->src\main\AndroidManifest.xml:37:5-46
142-->src\main\AndroidManifest.xml:37:15-43
143        <receiver android:name="com.epicgames.ue4.LocalNotificationReceiver" />
143-->src\main\AndroidManifest.xml:38:5-76
143-->src\main\AndroidManifest.xml:38:15-73
144        <receiver
144-->src\main\AndroidManifest.xml:39:5-43:16
145            android:name="com.epicgames.ue4.MulticastBroadcastReceiver"
145-->src\main\AndroidManifest.xml:39:15-74
146            android:exported="true" >
146-->src\main\AndroidManifest.xml:39:75-98
147            <intent-filter>
147-->src\main\AndroidManifest.xml:40:7-42:23
148                <action android:name="com.android.vending.INSTALL_REFERRER" />
148-->src\main\AndroidManifest.xml:41:9-71
148-->src\main\AndroidManifest.xml:41:17-68
149            </intent-filter>
150        </receiver>
151
152        <meta-data
152-->src\main\AndroidManifest.xml:44:5-73
153            android:name="android.max_aspect"
153-->src\main\AndroidManifest.xml:44:16-49
154            android:value="2.10" />
154-->src\main\AndroidManifest.xml:44:50-70
155        <meta-data
155-->src\main\AndroidManifest.xml:45:5-90
156            android:name="com.oculus.supportedDevices"
156-->src\main\AndroidManifest.xml:45:16-58
157            android:value="quest|delmar" />
157-->src\main\AndroidManifest.xml:45:59-87
158
159        <activity
159-->[com.google.android.gms:play-services-auth:11.8.0] AndroidManifest.xml:23:9-27:75
160            android:name="com.google.android.gms.auth.api.signin.internal.SignInHubActivity"
160-->[com.google.android.gms:play-services-auth:11.8.0] AndroidManifest.xml:24:13-93
161            android:excludeFromRecents="true"
161-->[com.google.android.gms:play-services-auth:11.8.0] AndroidManifest.xml:25:13-46
162            android:exported="false"
162-->[com.google.android.gms:play-services-auth:11.8.0] AndroidManifest.xml:26:13-37
163            android:theme="@android:style/Theme.Translucent.NoTitleBar" />
163-->[com.google.android.gms:play-services-auth:11.8.0] AndroidManifest.xml:27:13-72
164        <!--
165            Service handling Google Sign-In user revocation. For apps that do not integrate with
166            Google Sign-In, this service will never be started.
167        -->
168        <service
168-->[com.google.android.gms:play-services-auth:11.8.0] AndroidManifest.xml:33:9-36:110
169            android:name="com.google.android.gms.auth.api.signin.RevocationBoundService"
169-->[com.google.android.gms:play-services-auth:11.8.0] AndroidManifest.xml:34:13-89
170            android:exported="true"
170-->[com.google.android.gms:play-services-auth:11.8.0] AndroidManifest.xml:35:13-36
171            android:permission="com.google.android.gms.auth.api.signin.permission.REVOCATION_NOTIFICATION" />
171-->[com.google.android.gms:play-services-auth:11.8.0] AndroidManifest.xml:36:13-107
172
173        <meta-data
173-->[com.android.billingclient:billing:3.0.0] AndroidManifest.xml:13:9-15:37
174            android:name="com.google.android.play.billingclient.version"
174-->[com.android.billingclient:billing:3.0.0] AndroidManifest.xml:14:13-73
175            android:value="3.0.0" />
175-->[com.android.billingclient:billing:3.0.0] AndroidManifest.xml:15:13-34
176
177        <activity
177-->[com.android.billingclient:billing:3.0.0] AndroidManifest.xml:17:9-20:75
178            android:name="com.android.billingclient.api.ProxyBillingActivity"
178-->[com.android.billingclient:billing:3.0.0] AndroidManifest.xml:18:13-78
179            android:configChanges="keyboard|keyboardHidden|screenLayout|screenSize|orientation"
179-->[com.android.billingclient:billing:3.0.0] AndroidManifest.xml:19:13-96
180            android:theme="@android:style/Theme.Translucent.NoTitleBar" />
180-->[com.android.billingclient:billing:3.0.0] AndroidManifest.xml:20:13-72
181
182        <provider
182-->[android.arch.lifecycle:extensions:1.1.1] AndroidManifest.xml:23:9-27:43
183            android:name="android.arch.lifecycle.ProcessLifecycleOwnerInitializer"
183-->[android.arch.lifecycle:extensions:1.1.1] AndroidManifest.xml:24:13-83
184            android:authorities="com.YourCompany.VRLego.lifecycle-trojan"
184-->[android.arch.lifecycle:extensions:1.1.1] AndroidManifest.xml:25:13-68
185            android:exported="false"
185-->[android.arch.lifecycle:extensions:1.1.1] AndroidManifest.xml:26:13-37
186            android:multiprocess="true" />
186-->[android.arch.lifecycle:extensions:1.1.1] AndroidManifest.xml:27:13-40
187
188        <activity
188-->[com.google.android.gms:play-services-base:11.8.0] AndroidManifest.xml:23:9-26:75
189            android:name="com.google.android.gms.common.api.GoogleApiActivity"
189-->[com.google.android.gms:play-services-base:11.8.0] AndroidManifest.xml:24:13-79
190            android:exported="false"
190-->[com.google.android.gms:play-services-base:11.8.0] AndroidManifest.xml:25:13-37
191            android:theme="@android:style/Theme.Translucent.NoTitleBar" />
191-->[com.google.android.gms:play-services-base:11.8.0] AndroidManifest.xml:26:13-72
192    </application>
193
194</manifest>